[2023-09-09T07:13:24.008116+00:00] console.INFO: [200] GET/public/assets/css/app.css ..................... ~0.0901s [] []
[2023-09-09T07:13:30.542881+00:00] console.INFO: [200] GET/ ..................... ~0.0025s [] []
[2023-09-09T07:13:37.394789+00:00] console.INFO: [200] GET/ ..................... ~0.0023s [] []
[2023-09-09T07:13:40.333737+00:00] console.INFO: [200] GET/ ..................... ~0.0166s [] []
[2023-09-09T07:13:40.362787+00:00] console.INFO: [200] GET/public/assets/css/app.css ..................... ~8.7976s [] []
[2023-09-09T07:13:40.699257+00:00] console.INFO: [200] GET/ ..................... ~0.0018s [] []
[2023-09-09T07:13:41.172416+00:00] console.INFO: [200] GET/ ..................... ~0.0016s [] []
[2023-09-09T07:13:42.049510+00:00] console.INFO: [200] GET/ ..................... ~0.0015s [] []
[2023-09-09T07:13:42.548415+00:00] console.INFO: [404] GET/favicon.ico ..................... ~0.0001s [] []
[2023-09-09T07:24:23.037388+00:00] console.INFO: [200] GET/ .............................................. ~0.2168s [] []
[2023-09-09T07:24:33.729812+00:00] console.INFO: [200] GET/ ..................... ~0.0030s [] []
[2023-09-09T07:24:59.394990+00:00] console.INFO: [200] GET/ ..................... ~-2.861s [] []
[2023-09-09T07:24:59.862313+00:00] console.INFO: [200] GET/ ..................... ~0.0015s [] []
[2023-09-09T07:25:28.551760+00:00] console.INFO: [200] GET/ ..................... ~0.0031s [] []
[2023-09-09T07:25:29.046811+00:00] console.INFO: [200] GET/ ..................... ~0.0015s [] []
[2023-09-09T07:25:29.072663+00:00] console.INFO: [200] GET/public/assets/css/app.css ..................... ~0.0001s [] []
[2023-09-09T07:26:13.442841+00:00] console.INFO: [200] GET/ ..................... ~0.0031s [] []
[2023-09-09T07:26:14.022040+00:00] console.INFO: [200] GET/ ..................... ~0.0017s [] []
[2023-09-09T07:26:48.431244+00:00] console.INFO: [200] GET/ ..................... ~0.4684s [] []
[2023-09-09T07:26:48.792819+00:00] console.INFO: [200] GET/ ..................... ~0.0363s [] []
[2023-09-09T07:27:57.148599+00:00] console.INFO: [200] GET/ ..................... ~0.0319s [] []
[2023-09-09T07:27:57.945789+00:00] console.INFO: [200] GET/ ..................... ~0.0308s [] []
[2023-09-09T07:30:23.705411+00:00] console.INFO: [200] GET/ ..................... ~0.0332s [] []
[2023-09-09T07:31:58.350061+00:00] console.INFO: [200] GET/ ..................... ~0.6208s [] []
[2023-09-09T07:31:58.366033+00:00] console.INFO: [200] GET/public/assets/css/app.css ..................... ~0.0034s [] []
[2023-09-09T07:32:05.932464+00:00] console.INFO: [200] GET/public/assets/css/app.css ..................... ~9.7036s [] []
[2023-09-09T07:32:07.173315+00:00] console.INFO: [200] GET/ ..................... ~0.0017s [] []
[2023-09-09T07:32:07.196735+00:00] console.INFO: [200] GET/public/assets/css/app.css ..................... ~0.0002s [] []
[2023-09-09T07:32:14.826386+00:00] console.INFO: [200] GET/public/assets/css/app.css ..................... ~0.0001s [] []
[2023-09-09T07:32:15.399068+00:00] console.INFO: [200] GET/ ..................... ~0.0016s [] []
[2023-09-09T07:32:15.426719+00:00] console.INFO: [200] GET/public/assets/css/app.css ..................... ~0.0002s [] []
[2023-09-09T07:32:31.358921+00:00] console.INFO: [200] GET/ ..................... ~0.0041s [] []
[2023-09-09T07:32:37.772330+00:00] console.INFO: [200] GET/ ..................... ~0.0027s [] []
[2023-09-09T07:32:37.797172+00:00] console.INFO: [200] GET/public/assets/css/app.css ..................... ~0.0001s [] []
[2023-09-09T07:32:38.288176+00:00] console.INFO: [200] GET/ ..................... ~0.0017s [] []
[2023-09-09T07:32:38.315056+00:00] console.INFO: [200] GET/public/assets/css/app.css ..................... ~0.0001s [] []
[2023-09-09T07:32:38.646747+00:00] console.INFO: [200] GET/ ..................... ~0.0016s [] []
[2023-09-09T07:32:38.899312+00:00] console.INFO: [200] GET/ ..................... ~0.0017s [] []
[2023-09-09T07:32:38.927672+00:00] console.INFO: [200] GET/public/assets/css/app.css ..................... ~0.0001s [] []
[2023-09-09T07:32:44.834574+00:00] console.INFO: [200] GET/ ..................... ~0.0026s [] []
[2023-09-09T07:32:44.856899+00:00] console.INFO: [200] GET/public/assets/css/app.css ..................... ~0.0001s [] []
[2023-09-09T07:32:45.374243+00:00] console.INFO: [200] GET/ ..................... ~0.0016s [] []
[2023-09-09T07:32:45.399661+00:00] console.INFO: [200] GET/public/assets/css/app.css ..................... ~0.0001s [] []
[2023-09-09T07:32:45.644051+00:00] console.INFO: [200] GET/ ..................... ~0.0015s [] []
[2023-09-09T07:32:45.957980+00:00] console.INFO: [200] GET/ ..................... ~0.0016s [] []
[2023-09-09T07:32:45.993041+00:00] console.INFO: [200] GET/public/assets/css/app.css ..................... ~0.0001s [] []
[2023-09-09T07:32:46.136557+00:00] console.INFO: [200] GET/ ..................... ~0.0015s [] []
[2023-09-09T07:51:22.967451+00:00] console.INFO: [200] GET/ ..................... ~0.1337s [] []
[2023-09-09T07:51:23.038849+00:00] console.INFO: [200] GET/public/assets/css/app.css ..................... ~0.0477s [] []
[2023-09-09T08:01:27.732724+00:00] console.INFO: [200] GET/ ..................... ~0.0063s [] []
[2023-09-09T08:01:28.457666+00:00] console.INFO: [200] GET/ ..................... ~0.0022s [] []
[2023-09-09T08:01:28.491107+00:00] console.INFO: [200] GET/public/assets/css/app.css ..................... ~0.0001s [] []
[2023-09-09T08:01:31.222809+00:00] console.INFO: [200] GET/?name=123123&surname=123123 ..................... ~0.0032s [] []
[2023-09-09T08:01:31.249205+00:00] console.INFO: [200] GET/public/assets/css/app.css ..................... ~0.0002s [] []
[2023-09-09T08:01:36.569717+00:00] console.INFO: [200] GET/ ..................... ~0.0030s [] []
[2023-09-09T08:01:36.598755+00:00] console.INFO: [200] GET/public/assets/css/app.css ..................... ~0.0002s [] []
[2023-09-09T08:01:44.547403+00:00] console.INFO: [200] GET/ ..................... ~0.0047s [] []
[2023-09-09T08:01:44.575501+00:00] console.INFO: [200] GET/public/assets/css/app.css ..................... ~0.0001s [] []
[2023-09-09T08:01:45.298561+00:00] console.INFO: [200] GET/ ..................... ~0.0020s [] []
[2023-09-09T08:01:45.321351+00:00] console.INFO: [200] GET/public/assets/css/app.css ..................... ~0.0001s [] []
[2023-09-09T08:01:46.298585+00:00] console.INFO: [302] POST/ ..................... ~0.0925s [] []
[2023-09-09T08:01:53.637983+00:00] console.INFO: [302] POST/ ..................... ~0.0024s [] []
[2023-09-09T08:01:54.289904+00:00] console.INFO: [302] POST/ ..................... ~0.0015s [] []
[2023-09-09T08:01:54.890116+00:00] console.INFO: [302] POST/ ..................... ~0.0016s [] []
[2023-09-09T08:01:55.212027+00:00] console.INFO: [302] POST/ ..................... ~0.0015s [] []
[2023-09-09T08:01:55.559931+00:00] console.INFO: [302] POST/ ..................... ~0.0019s [] []
[2023-09-09T08:01:55.932563+00:00] console.INFO: [302] POST/ ..................... ~0.0015s [] []
[2023-09-09T08:01:56.417263+00:00] console.INFO: [302] POST/ ..................... ~0.0026s [] []
[2023-09-09T08:02:05.470857+00:00] console.INFO: [302] POST/ ..................... ~0.0026s [] []
[2023-09-09T08:02:05.478050+00:00] console.INFO: [200] GET/ ..................... ~0.0021s [] []
[2023-09-09T08:02:10.014829+00:00] console.INFO: [200] POST/ ..................... ~0.0031s [] []
[2023-09-09T08:02:10.038584+00:00] console.INFO: [200] GET/public/assets/css/app.css ..................... ~7.9154s [] []
[2023-09-09T08:02:13.382623+00:00] console.INFO: [302] POST/ ..................... ~0.0026s [] []
[2023-09-09T08:02:13.390125+00:00] console.INFO: [200] GET/ ..................... ~0.0021s [] []
[2023-09-09T08:02:15.199512+00:00] console.INFO: [302] POST/ ..................... ~0.0017s [] []
[2023-09-09T08:02:15.206888+00:00] console.INFO: [200] GET/ ..................... ~0.0018s [] []
[2023-09-09T08:02:15.719682+00:00] console.INFO: [302] POST/ ..................... ~0.0015s [] []
[2023-09-09T08:02:15.726207+00:00] console.INFO: [200] GET/ ..................... ~0.0019s [] []
[2023-09-09T08:02:15.751847+00:00] console.INFO: [200] GET/public/assets/css/app.css ..................... ~0.0001s [] []
[2023-09-09T08:03:56.232817+00:00] console.INFO: [200] GET/ ..................... ~0.0044s [] []
[2023-09-09T08:06:21.794591+00:00] console.INFO: [200] GET/ ..................... ~0.0053s [] []
[2023-09-09T08:06:23.734130+00:00] console.INFO: [200] GET/ ..................... ~0.0071s [] []
[2023-09-09T08:06:23.754050+00:00] console.INFO: [200] GET/public/assets/css/app.css ..................... ~0.0001s [] []
[2023-09-09T08:06:24.853761+00:00] console.INFO: [302] POST/ ..................... ~0.0186s [] []
[2023-09-09T08:06:24.858334+00:00] console.INFO: [200] GET/ ..................... ~0.0016s [] []
[2023-09-09T08:06:25.493998+00:00] console.INFO: [200] GET/public/assets/css/app.css ..................... ~0.0001s [] []
[2023-09-09T08:06:25.660589+00:00] console.INFO: [302] POST/ ..................... ~0.0029s [] []
[2023-09-09T08:06:25.666187+00:00] console.INFO: [200] GET/ ..................... ~0.0016s [] []
[2023-09-09T08:06:26.122430+00:00] console.INFO: [302] POST/ ..................... ~0.0031s [] []
[2023-09-09T08:06:26.127612+00:00] console.INFO: [200] GET/ ..................... ~0.0019s [] []
[2023-09-09T08:06:26.548213+00:00] console.INFO: [200] GET/ ..................... ~0.0016s [] []
[2023-09-09T08:06:28.453470+00:00] console.INFO: [200] GET/ ..................... ~0.0033s [] []
[2023-09-09T08:06:29.834502+00:00] console.INFO: [200] GET/ ..................... ~0.0016s [] []
[2023-09-09T08:06:30.260562+00:00] console.INFO: [200] GET/ ..................... ~0.0017s [] []
[2023-09-09T08:06:30.585873+00:00] console.INFO: [200] GET/ ..................... ~0.0017s [] []
[2023-09-09T08:06:33.898628+00:00] console.INFO: [200] GET/ ..................... ~0.0016s [] []
[2023-09-09T08:06:33.928292+00:00] console.INFO: [200] GET/public/assets/css/app.css ..................... ~0.0001s [] []
[2023-09-09T08:06:52.481297+00:00] console.INFO: [200] GET/ ..................... ~0.0037s [] []
[2023-09-09T08:06:53.020159+00:00] console.INFO: [200] GET/ ..................... ~0.0019s [] []
[2023-09-09T08:06:53.998678+00:00] console.INFO: [302] POST/ ..................... ~0.0031s [] []
[2023-09-09T08:06:54.002880+00:00] console.INFO: [200] GET/ ..................... ~0.0016s [] []
[2023-09-09T08:06:54.027086+00:00] console.INFO: [200] GET/public/assets/css/app.css ..................... ~0.0001s [] []
[2023-09-09T08:06:54.806465+00:00] console.INFO: [200] GET/ ..................... ~0.0015s [] []
[2023-09-09T08:06:54.837225+00:00] console.INFO: [200] GET/public/assets/css/app.css ..................... ~0.0002s [] []
[2023-09-09T08:06:56.312994+00:00] console.INFO: [200] GET/ ..................... ~0.0228s [] []
[2023-09-09T08:06:56.319404+00:00] console.INFO: [302] POST/ ..................... ~0.0293s [] []
[2023-09-09T08:06:56.324556+00:00] console.INFO: [200] GET/ ..................... ~0.0016s [] []
[2023-09-09T08:07:05.643872+00:00] console.INFO: [200] GET/ ..................... ~0.0039s [] []
[2023-09-09T08:07:05.667196+00:00] console.INFO: [200] GET/public/assets/css/app.css ..................... ~0.0002s [] []
[2023-09-09T08:07:06.115492+00:00] console.INFO: [200] GET/ ..................... ~0.0018s [] []
[2023-09-09T08:07:06.138531+00:00] console.INFO: [200] GET/public/assets/css/app.css ..................... ~0.0002s [] []
[2023-09-09T08:07:07.050856+00:00] console.INFO: [302] POST/ ..................... ~0.0180s [] []
[2023-09-09T08:07:07.053884+00:00] console.INFO: [200] GET/ ..................... ~0.0015s [] []
[2023-09-09T09:11:10.438064+00:00] console.INFO: [302] POST/ ..................... ~0.0045s [] []
[2023-09-09T09:11:10.443889+00:00] console.INFO: [200] GET/ ..................... ~0.0015s [] []
[2023-09-09T09:11:10.476605+00:00] console.INFO: [200] GET/public/assets/css/app.css ..................... ~9.4890s [] []
[2023-09-09T09:11:14.273547+00:00] console.INFO: [200] GET/ ..................... ~0.0027s [] []
[2023-09-09T09:11:15.951287+00:00] console.INFO: [200] GET/ ..................... ~0.0016s [] []
[2023-09-09T09:11:15.978627+00:00] console.INFO: [200] GET/public/assets/css/app.css ..................... ~0.0003s [] []
[2023-09-09T09:11:17.207812+00:00] console.INFO: [200] GET/ ..................... ~0.0026s [] []
[2023-09-09T09:11:17.233897+00:00] console.INFO: [200] GET/public/assets/css/app.css ..................... ~8.2969s [] []
[2023-09-09T09:11:17.545908+00:00] console.INFO: [200] GET/ ..................... ~0.0018s [] []
[2023-09-09T09:11:17.846919+00:00] console.INFO: [200] GET/ ..................... ~0.0015s [] []
[2023-09-09T09:11:17.876166+00:00] console.INFO: [200] GET/public/assets/css/app.css ..................... ~9.7036s [] []
[2023-09-09T09:11:25.381531+00:00] console.INFO: [200] GET/ ..................... ~0.0029s [] []
[2023-09-09T09:11:25.409191+00:00] console.INFO: [200] GET/public/assets/css/app.css ..................... ~0.0001s [] []
[2023-09-09T09:11:26.289508+00:00] console.INFO: [302] POST/ ..................... ~0.0017s [] []
[2023-09-09T09:11:26.296106+00:00] console.INFO: [200] GET/ ..................... ~0.0015s [] []
[2023-09-09T09:11:27.256444+00:00] console.INFO: [302] POST/ ..................... ~0.0017s [] []
[2023-09-09T09:11:27.262031+00:00] console.INFO: [200] GET/ ..................... ~0.0015s [] []
[2023-09-09T09:11:27.541396+00:00] console.INFO: [302] POST/ ..................... ~0.0018s [] []
[2023-09-09T09:11:27.548869+00:00] console.INFO: [200] GET/ ..................... ~0.0015s [] []
[2023-09-09T09:11:27.573575+00:00] console.INFO: [200] GET/public/assets/css/app.css ..................... ~0.0001s [] []
[2023-09-09T09:11:27.857385+00:00] console.INFO: [302] POST/ ..................... ~0.0019s [] []
[2023-09-09T09:11:27.865511+00:00] console.INFO: [200] GET/ ..................... ~0.0016s [] []
[2023-09-09T09:11:28.146011+00:00] console.INFO: [302] POST/ ..................... ~0.0028s [] []
[2023-09-09T09:11:28.156255+00:00] console.INFO: [200] GET/ ..................... ~0.0016s [] []
[2023-09-09T09:11:54.885289+00:00] console.INFO: [200] GET/ ..................... ~0.0028s [] []
[2023-09-09T09:11:55.401591+00:00] console.INFO: [200] GET/ ..................... ~0.0017s [] []
[2023-09-09T09:11:55.428106+00:00] console.INFO: [200] GET/public/assets/css/app.css ..................... ~0.0002s [] []
[2023-09-09T09:11:56.714407+00:00] console.INFO: [302] POST/ ..................... ~0.0019s [] []
[2023-09-09T09:11:56.720325+00:00] console.INFO: [200] GET/ ..................... ~0.0018s [] []
[2023-09-09T09:11:56.746195+00:00] console.INFO: [200] GET/public/assets/css/app.css ..................... ~0.0002s [] []
[2023-09-09T09:11:58.360737+00:00] console.INFO: [200] GET/ ..................... ~0.0027s [] []
[2023-09-09T09:12:31.604713+00:00] console.INFO: [200] GET/ ..................... ~0.0026s [] []
[2023-09-09T09:12:31.655928+00:00] console.INFO: [200] GET/public/assets/css/app.css ..................... ~0.0034s [] []
[2023-09-09T09:12:32.615857+00:00] console.INFO: [200] GET/ ..................... ~0.0016s [] []
[2023-09-09T09:12:32.643004+00:00] console.INFO: [200] GET/public/assets/css/app.css ..................... ~0.0002s [] []
[2023-09-09T09:12:33.167193+00:00] console.INFO: [200] GET/ ..................... ~0.0017s [] []
[2023-09-09T09:12:35.755989+00:00] console.INFO: [200] GET/ ..................... ~0.0024s [] []
[2023-09-09T09:12:35.778809+00:00] console.INFO: [200] GET/public/assets/css/app.css ..................... ~0.0001s [] []
[2023-09-09T09:12:36.081430+00:00] console.INFO: [200] GET/ ..................... ~0.0017s [] []
[2023-09-09T09:12:36.108226+00:00] console.INFO: [200] GET/public/assets/css/app.css ..................... ~0.0001s [] []
[2023-09-09T09:12:36.361103+00:00] console.INFO: [200] GET/ ..................... ~0.0015s [] []
[2023-09-09T09:12:36.385698+00:00] console.INFO: [200] GET/public/assets/css/app.css ..................... ~0.0001s [] []
[2023-09-09T09:13:11.127030+00:00] console.INFO: [200] GET/ ..................... ~0.0041s [] []
[2023-09-09T09:13:11.845340+00:00] console.INFO: [200] GET/ ..................... ~0.0015s [] []
[2023-09-09T09:13:11.868959+00:00] console.INFO: [200] GET/public/assets/css/app.css ..................... ~0.0001s [] []
[2023-09-09T09:13:12.554770+00:00] console.INFO: [302] POST/ ..................... ~0.0018s [] []
[2023-09-09T09:13:12.561189+00:00] console.INFO: [200] GET/ ..................... ~0.0016s [] []
[2023-09-09T09:13:12.587810+00:00] console.INFO: [200] GET/public/assets/css/app.css ..................... ~0.0001s [] []
[2023-09-09T09:13:19.360551+00:00] console.INFO: [200] GET/ ..................... ~0.0024s [] []
[2023-09-09T09:13:19.383519+00:00] console.INFO: [200] GET/public/assets/css/app.css ..................... ~0.0003s [] []
[2023-09-09T09:13:20.248173+00:00] console.INFO: [200] GET/ ..................... ~0.0016s [] []
[2023-09-09T09:13:31.533205+00:00] console.INFO: [200] GET/ ..................... ~0.0030s [] []
[2023-09-09T09:13:31.567685+00:00] console.INFO: [200] GET/public/assets/css/app.css ..................... ~0.0001s [] []
[2023-09-09T09:13:32.087659+00:00] console.INFO: [200] GET/public/assets/css/app.css ..................... ~0.0001s [] []
[2023-09-09T09:13:38.484295+00:00] console.INFO: [200] GET/ ..................... ~0.0027s [] []
[2023-09-09T09:13:38.510856+00:00] console.INFO: [200] GET/public/assets/css/app.css ..................... ~0.0003s [] []
[2023-09-09T09:13:38.932990+00:00] console.INFO: [200] GET/ ..................... ~0.0015s [] []
[2023-09-09T09:13:39.711026+00:00] console.INFO: [302] POST/ ..................... ~0.0021s [] []
[2023-09-09T09:13:39.717648+00:00] console.INFO: [200] GET/ ..................... ~0.0014s [] []
[2023-09-09T09:13:41.916179+00:00] console.INFO: [200] GET/ ..................... ~0.0025s [] []
[2023-09-09T09:13:41.938850+00:00] console.INFO: [200] GET/public/assets/css/app.css ..................... ~0.0001s [] []
[2023-09-09T09:13:42.444861+00:00] console.INFO: [200] GET/ ..................... ~0.0016s [] []
[2023-09-09T09:13:52.615246+00:00] console.INFO: [200] GET/ ..................... ~0.0035s [] []
[2023-09-09T09:13:53.198770+00:00] console.INFO: [200] GET/ ..................... ~0.0570s [] []
[2023-09-09T09:13:53.230601+00:00] console.INFO: [200] GET/public/assets/css/app.css ..................... ~0.0003s [] []
[2023-09-09T09:13:53.732254+00:00] console.INFO: [302] POST/ ..................... ~0.0018s [] []
[2023-09-09T09:13:53.738739+00:00] console.INFO: [200] GET/ ..................... ~0.0019s [] []
[2023-09-09T09:13:54.903546+00:00] console.INFO: [200] GET/ ..................... ~0.0016s [] []
[2023-09-09T09:13:56.579685+00:00] console.INFO: [200] GET/ ..................... ~0.0025s [] []
[2023-09-09T09:13:57.927816+00:00] console.INFO: [200] GET/ ..................... ~0.0015s [] []
[2023-09-09T09:13:57.952246+00:00] console.INFO: [200] GET/public/assets/css/app.css ..................... ~0.0002s [] []
[2023-09-09T09:13:58.917761+00:00] console.INFO: [200] GET/ ..................... ~0.0015s [] []
[2023-09-09T09:13:59.275025+00:00] console.INFO: [200] GET/ ..................... ~0.0025s [] []
[2023-09-09T09:13:59.634370+00:00] console.INFO: [200] GET/ ..................... ~0.0015s [] []
[2023-09-09T09:13:59.659092+00:00] console.INFO: [200] GET/public/assets/css/app.css ..................... ~0.0001s [] []
[2023-09-09T09:14:00.502751+00:00] console.INFO: [302] POST/ ..................... ~0.0018s [] []
[2023-09-09T09:14:00.510032+00:00] console.INFO: [200] GET/ ..................... ~0.0018s [] []
[2023-09-09T09:14:00.536771+00:00] console.INFO: [200] GET/public/assets/css/app.css ..................... ~4.7922s [] []
[2023-09-09T09:14:00.883419+00:00] console.INFO: [200] GET/ ..................... ~0.0017s [] []
[2023-09-09T09:14:00.906295+00:00] console.INFO: [200] GET/public/assets/css/app.css ..................... ~0.0002s [] []
[2023-09-09T09:14:01.400899+00:00] console.INFO: [200] GET/ ..................... ~0.0017s [] []
[2023-09-09T09:14:01.425908+00:00] console.INFO: [200] GET/public/assets/css/app.css ..................... ~0.0002s [] []
[2023-09-09T09:14:01.805209+00:00] console.INFO: [200] GET/ ..................... ~0.0016s [] []
[2023-09-09T09:14:01.829289+00:00] console.INFO: [200] GET/public/assets/css/app.css ..................... ~0.0001s [] []
[2023-09-09T09:14:02.200081+00:00] console.INFO: [200] GET/ ..................... ~0.0024s [] []
[2023-09-09T09:14:02.223998+00:00] console.INFO: [200] GET/public/assets/css/app.css ..................... ~0.0001s [] []
[2023-09-09T09:14:02.525287+00:00] console.INFO: [200] GET/ ..................... ~0.0015s [] []
[2023-09-09T09:14:08.143055+00:00] console.INFO: [200] GET/ ..................... ~0.0026s [] []
[2023-09-09T09:14:09.362418+00:00] console.INFO: [302] POST/ ..................... ~0.0020s [] []
[2023-09-09T09:14:09.368968+00:00] console.INFO: [200] GET/ ..................... ~0.0016s [] []
[2023-09-09T09:14:10.175685+00:00] console.INFO: [200] GET/ ..................... ~0.0017s [] []
[2023-09-09T09:14:10.202065+00:00] console.INFO: [200] GET/public/assets/css/app.css ..................... ~0.0001s [] []
[2023-09-09T09:14:10.792780+00:00] console.INFO: [200] GET/ ..................... ~0.0015s [] []
[2023-09-09T09:14:11.167373+00:00] console.INFO: [200] GET/ ..................... ~0.0025s [] []
[2023-09-09T09:14:11.481137+00:00] console.INFO: [200] GET/ ..................... ~0.0015s [] []
[2023-09-09T09:14:11.505527+00:00] console.INFO: [200] GET/public/assets/css/app.css ..................... ~0.0001s [] []
[2023-09-09T09:14:13.956541+00:00] console.INFO: [200] GET/ ..................... ~0.0016s [] []
[2023-09-09T09:14:13.980843+00:00] console.INFO: [200] GET/public/assets/css/app.css ..................... ~0.0001s [] []
[2023-09-09T09:14:14.874520+00:00] console.INFO: [302] POST/ ..................... ~0.0030s [] []
[2023-09-09T09:14:14.880972+00:00] console.INFO: [200] GET/ ..................... ~0.0015s [] []
[2023-09-09T09:14:16.001644+00:00] console.INFO: [200] GET/ ..................... ~0.0017s [] []
[2023-09-09T09:14:16.036431+00:00] console.INFO: [200] GET/public/assets/css/app.css ..................... ~0.0001s [] []
[2023-09-09T09:14:17.074085+00:00] console.INFO: [302] POST/ ..................... ~0.0027s [] []
[2023-09-09T09:14:17.080867+00:00] console.INFO: [200] GET/ ..................... ~0.0019s [] []
[2023-09-09T09:14:17.218254+00:00] console.INFO: [200] GET/ ..................... ~0.0015s [] []
[2023-09-09T09:14:17.836717+00:00] console.INFO: [200] GET/ ..................... ~0.0015s [] []
[2023-09-09T09:14:17.860096+00:00] console.INFO: [200] GET/public/assets/css/app.css ..................... ~0.0003s [] []
[2023-09-09T09:14:18.343200+00:00] console.INFO: [200] GET/ ..................... ~0.0016s [] []
[2023-09-09T09:14:24.923969+00:00] console.INFO: [200] GET/ ..................... ~0.0026s [] []
[2023-09-09T09:14:25.306872+00:00] console.INFO: [200] GET/ ..................... ~0.0017s [] []
[2023-09-09T09:14:25.329264+00:00] console.INFO: [200] GET/public/assets/css/app.css ..................... ~8.3923s [] []
[2023-09-09T09:14:25.971190+00:00] console.INFO: [200] POST/ ..................... ~0.2647s [] []
[2023-09-09T09:14:34.356982+00:00] console.INFO: [200] POST/ ..................... ~0.0335s [] []
[2023-09-09T09:14:38.795079+00:00] console.INFO: [302] POST/ ..................... ~0.0032s [] []
[2023-09-09T09:14:38.800895+00:00] console.INFO: [200] GET/ ..................... ~0.0015s [] []
[2023-09-09T09:14:38.826928+00:00] console.INFO: [200] GET/public/assets/css/app.css ..................... ~0.0001s [] []
[2023-09-09T09:14:39.696162+00:00] console.INFO: [200] GET/ ..................... ~0.0017s [] []
[2023-09-09T09:14:39.721674+00:00] console.INFO: [200] GET/public/assets/css/app.css ..................... ~0.0001s [] []
[2023-09-09T09:14:40.392731+00:00] console.INFO: [200] GET/ ..................... ~0.0015s [] []
[2023-09-09T09:14:40.416675+00:00] console.INFO: [200] GET/public/assets/css/app.css ..................... ~0.0001s [] []
[2023-09-09T09:14:42.373971+00:00] console.INFO: [200] GET/ ..................... ~0.0002s [] []
[2023-09-09T09:14:53.302040+00:00] console.INFO: [302] POST/ ..................... ~0.0027s [] []
[2023-09-09T09:14:53.309130+00:00] console.INFO: [200] GET/ ..................... ~0.0019s [] []
[2023-09-09T09:14:58.395476+00:00] console.INFO: [200] GET/ ..................... ~0.0025s [] []
[2023-09-09T09:14:58.423867+00:00] console.INFO: [200] GET/public/assets/css/app.css ..................... ~0.0002s [] []
[2023-09-09T09:15:03.041208+00:00] console.INFO: [200] GET/ ..................... ~0.0024s [] []
[2023-09-09T09:15:04.004337+00:00] console.INFO: [302] POST/ ..................... ~0.0017s [] []
[2023-09-09T09:15:04.011172+00:00] console.INFO: [200] GET/ ..................... ~0.0015s [] []
[2023-09-09T09:15:07.764484+00:00] console.INFO: [200] GET/ ..................... ~0.0024s [] []
[2023-09-09T09:15:07.786643+00:00] console.INFO: [200] GET/public/assets/css/app.css ..................... ~0.0001s [] []
[2023-09-09T09:15:11.837902+00:00] console.INFO: [200] GET/ ..................... ~0.0025s [] []
[2023-09-09T09:15:11.862700+00:00] console.INFO: [200] GET/public/assets/css/app.css ..................... ~0.0001s [] []
[2023-09-09T09:15:12.901742+00:00] console.INFO: [200] GET/ ..................... ~0.0178s [] []
[2023-09-09T09:15:12.918716+00:00] console.INFO: [200] GET/public/assets/css/app.css ..................... ~0.0002s [] []
[2023-09-09T09:15:21.221571+00:00] console.INFO: [200] GET/ ..................... ~0.0037s [] []
[2023-09-09T09:15:21.245988+00:00] console.INFO: [200] GET/public/assets/css/app.css ..................... ~9.4890s [] []
[2023-09-09T09:15:21.882019+00:00] console.INFO: [200] GET/ ..................... ~0.0016s [] []
[2023-09-09T09:15:23.036485+00:00] console.INFO: [200] GET/ ..................... ~0.0017s [] []
[2023-09-09T09:15:51.922040+00:00] console.INFO: [200] GET/ ..................... ~0.0934s [] []
[2023-09-09T09:15:55.041788+00:00] console.INFO: [200] GET/ ..................... ~0.0025s [] []
[2023-09-09T09:15:58.457038+00:00] console.INFO: [200] GET/ ..................... ~0.0026s [] []
[2023-09-09T09:16:25.707731+00:00] console.INFO: [200] GET/ ..................... ~0.0027s [] []
[2023-09-09T09:16:27.162423+00:00] console.INFO: [302] POST/ ..................... ~0.0059s [] []
[2023-09-09T09:16:27.165409+00:00] console.INFO: [200] GET/ ..................... ~0.0018s [] []
[2023-09-09T09:16:30.467734+00:00] console.INFO: [200] GET/ ..................... ~0.0026s [] []
[2023-09-09T09:16:30.492460+00:00] console.INFO: [200] GET/public/assets/css/app.css ..................... ~0.0001s [] []
[2023-09-09T09:16:35.471764+00:00] console.INFO: [200] GET/ ..................... ~0.0024s [] []
[2023-09-09T09:16:35.963232+00:00] console.INFO: [200] GET/ ..................... ~0.0016s [] []
[2023-09-09T09:16:36.322124+00:00] console.INFO: [200] GET/ ..................... ~0.0016s [] []
[2023-09-09T09:16:36.551264+00:00] console.INFO: [200] GET/ ..................... ~0.0019s [] []
[2023-09-09T09:16:36.578834+00:00] console.INFO: [200] GET/public/assets/css/app.css ..................... ~0.0001s [] []
[2023-09-09T09:16:37.048549+00:00] console.INFO: [200] GET/ ..................... ~0.0015s [] []
[2023-09-09T09:16:37.073278+00:00] console.INFO: [200] GET/public/assets/css/app.css ..................... ~0.0001s [] []
[2023-09-09T09:16:37.172205+00:00] console.INFO: [200] GET/ ..................... ~0.0020s [] []
[2023-09-09T09:16:37.198390+00:00] console.INFO: [200] GET/public/assets/css/app.css ..................... ~0.0001s [] []
[2023-09-09T09:16:37.267813+00:00] console.INFO: [200] GET/ ..................... ~0.0016s [] []
[2023-09-09T09:16:37.290939+00:00] console.INFO: [200] GET/public/assets/css/app.css ..................... ~0.0001s [] []
[2023-09-09T09:16:37.334429+00:00] console.INFO: [200] GET/ ..................... ~0.0020s [] []
[2023-09-09T09:16:37.377321+00:00] console.INFO: [200] GET/public/assets/css/app.css ..................... ~0.0003s [] []
[2023-09-09T09:16:37.433466+00:00] console.INFO: [200] GET/ ..................... ~0.0015s [] []
[2023-09-09T09:16:37.587794+00:00] console.INFO: [200] GET/ ..................... ~0.0019s [] []
[2023-09-09T09:16:37.622388+00:00] console.INFO: [200] GET/ ..................... ~3.6954s [] []
[2023-09-09T09:16:37.685522+00:00] console.INFO: [200] GET/ ..................... ~0.0015s [] []
[2023-09-09T09:16:37.761319+00:00] console.INFO: [200] GET/public/assets/css/app.css ..................... ~0.0001s [] []
[2023-09-09T09:16:37.765627+00:00] console.INFO: [200] GET/ ..................... ~0.0026s [] []
[2023-09-09T09:16:37.838680+00:00] console.INFO: [200] GET/ ..................... ~0.0017s [] []
[2023-09-09T09:16:37.882120+00:00] console.INFO: [200] GET/public/assets/css/app.css ..................... ~0.0001s [] []
[2023-09-09T09:16:37.939235+00:00] console.INFO: [200] GET/ ..................... ~0.0016s [] []
[2023-09-09T09:16:38.099777+00:00] console.INFO: [200] GET/public/assets/css/app.css ..................... ~0.0001s [] []
[2023-09-09T09:16:38.324722+00:00] console.INFO: [200] GET/public/assets/css/app.css ..................... ~0.0001s [] []
[2023-09-09T09:16:38.368909+00:00] console.INFO: [200] GET/ ..................... ~0.0016s [] []
[2023-09-09T09:16:38.435444+00:00] console.INFO: [200] GET/public/assets/css/app.css ..................... ~0.0001s [] []
[2023-09-09T09:16:38.539371+00:00] console.INFO: [200] GET/ ..................... ~0.0020s [] []
[2023-09-09T09:16:38.567617+00:00] console.INFO: [200] GET/public/assets/css/app.css ..................... ~0.0001s [] []
[2023-09-09T09:16:47.111822+00:00] console.INFO: [200] GET/ ..................... ~0.0026s [] []
[2023-09-09T09:16:47.561263+00:00] console.INFO: [200] GET/ ..................... ~0.0016s [] []
[2023-09-09T09:16:47.588233+00:00] console.INFO: [200] GET/public/assets/css/app.css ..................... ~0.0001s [] []
[2023-09-09T09:16:47.986474+00:00] console.INFO: [200] GET/ ..................... ~0.0016s [] []
[2023-09-09T09:16:48.010549+00:00] console.INFO: [200] GET/public/assets/css/app.css ..................... ~0.0002s [] []
[2023-09-09T09:16:48.270167+00:00] console.INFO: [200] GET/ ..................... ~0.0018s [] []
[2023-09-09T09:16:51.665234+00:00] console.INFO: [302] POST/ ..................... ~0.0067s [] []
[2023-09-09T09:16:51.669318+00:00] console.INFO: [200] GET/ ..................... ~0.0016s [] []
[2023-09-09T09:17:01.060683+00:00] console.INFO: [200] GET/ ..................... ~0.0026s [] []
[2023-09-09T09:17:01.587656+00:00] console.INFO: [200] GET/ ..................... ~0.0018s [] []
[2023-09-09T09:17:01.614632+00:00] console.INFO: [200] GET/public/assets/css/app.css ..................... ~0.0002s [] []
[2023-09-09T09:17:02.165323+00:00] console.INFO: [302] POST/ ..................... ~0.0058s [] []
[2023-09-09T09:17:02.169217+00:00] console.INFO: [200] GET/ ..................... ~0.0018s [] []
[2023-09-09T09:17:02.208214+00:00] console.INFO: [200] GET/public/assets/css/app.css ..................... ~0.0002s [] []
[2023-09-09T09:17:03.502816+00:00] console.INFO: [200] GET/ ..................... ~0.0015s [] []
[2023-09-09T09:17:04.921714+00:00] console.INFO: [200] GET/ ..................... ~0.0024s [] []
[2023-09-09T09:17:06.149568+00:00] console.INFO: [200] GET/ ..................... ~0.0016s [] []
[2023-09-09T09:17:06.180304+00:00] console.INFO: [200] GET/public/assets/css/app.css ..................... ~0.0002s [] []
[2023-09-09T09:17:06.691752+00:00] console.INFO: [200] GET/ ..................... ~0.0017s [] []
[2023-09-09T09:17:07.128415+00:00] console.INFO: [200] GET/ ..................... ~0.0025s [] []
[2023-09-09T09:17:07.493173+00:00] console.INFO: [200] GET/ ..................... ~0.0015s [] []
[2023-09-09T09:17:07.827646+00:00] console.INFO: [200] GET/ ..................... ~0.0015s [] []
[2023-09-09T09:17:08.110061+00:00] console.INFO: [200] GET/ ..................... ~0.0016s [] []
[2023-09-09T09:17:08.134878+00:00] console.INFO: [200] GET/public/assets/css/app.css ..................... ~0.0001s [] []
[2023-09-09T09:17:08.391580+00:00] console.INFO: [200] GET/ ..................... ~0.0015s [] []
[2023-09-09T09:17:08.556248+00:00] console.INFO: [200] GET/ ..................... ~0.0161s [] []
[2023-09-09T09:17:08.700089+00:00] console.INFO: [200] GET/ ..................... ~0.0015s [] []
[2023-09-09T09:17:08.730591+00:00] console.INFO: [200] GET/public/assets/css/app.css ..................... ~0.0001s [] []
[2023-09-09T09:17:08.841115+00:00] console.INFO: [200] GET/ ..................... ~0.0016s [] []
[2023-09-09T09:17:08.864967+00:00] console.INFO: [200] GET/public/assets/css/app.css ..................... ~0.0002s [] []
[2023-09-09T09:17:08.974809+00:00] console.INFO: [200] GET/ ..................... ~0.0016s [] []
[2023-09-09T09:17:09.149901+00:00] console.INFO: [200] GET/ ..................... ~0.0016s [] []
[2023-09-09T09:17:09.174104+00:00] console.INFO: [200] GET/public/assets/css/app.css ..................... ~0.0002s [] []
[2023-09-09T09:17:09.276099+00:00] console.INFO: [200] GET/ ..................... ~0.0017s [] []
[2023-09-09T09:17:09.598204+00:00] console.INFO: [200] GET/ ..................... ~0.0018s [] []
[2023-09-09T09:17:09.622370+00:00] console.INFO: [200] GET/public/assets/css/app.css ..................... ~0.0001s [] []
[2023-09-09T09:17:22.851477+00:00] console.INFO: [200] GET/ ..................... ~0.0036s [] []
[2023-09-09T09:17:25.351243+00:00] console.INFO: [200] GET/ ..................... ~0.0024s [] []
[2023-09-09T09:17:42.550090+00:00] console.INFO: [200] GET/ ..................... ~0.0027s [] []
[2023-09-09T09:17:43.818419+00:00] console.INFO: [200] GET/ ..................... ~0.0023s [] []
[2023-09-09T09:17:43.845177+00:00] console.INFO: [200] GET/public/assets/css/app.css ..................... ~0.0001s [] []
[2023-09-09T09:17:48.206978+00:00] console.INFO: [200] GET/ ..................... ~0.0025s [] []
[2023-09-09T09:19:18.422385+00:00] console.INFO: [200] GET/ ..................... ~0.0026s [] []
[2023-09-09T09:19:18.971172+00:00] console.INFO: [200] GET/ ..................... ~0.0016s [] []
[2023-09-09T09:19:18.995592+00:00] console.INFO: [200] GET/public/assets/css/app.css ..................... ~0.0002s [] []
[2023-09-09T09:19:19.387593+00:00] console.INFO: [200] GET/ ..................... ~0.0018s [] []
[2023-09-09T09:19:19.413686+00:00] console.INFO: [200] GET/public/assets/css/app.css ..................... ~0.0001s [] []
[2023-09-09T09:20:01.035507+00:00] console.INFO: [200] GET/ ..................... ~0.0046s [] []
[2023-09-09T09:20:01.595953+00:00] console.INFO: [200] GET/ ..................... ~0.0017s [] []
[2023-09-09T09:20:01.945293+00:00] console.INFO: [200] GET/ ..................... ~0.0015s [] []
[2023-09-09T09:20:01.969157+00:00] console.INFO: [200] GET/public/assets/css/app.css ..................... ~0.0001s [] []
[2023-09-09T09:20:02.349721+00:00] console.INFO: [200] GET/ ..................... ~0.0016s [] []
[2023-09-09T09:20:29.105543+00:00] console.INFO: [200] GET/ ..................... ~0.0037s [] []
[2023-09-09T09:20:37.572561+00:00] console.INFO: [200] GET/ ..................... ~0.0035s [] []
[2023-09-09T09:20:37.598064+00:00] console.INFO: [200] GET/public/assets/css/app.css ..................... ~0.0001s [] []
[2023-09-09T09:20:40.376968+00:00] console.INFO: [200] GET/ ..................... ~0.0035s [] []
[2023-09-09T09:20:40.404815+00:00] console.INFO: [200] GET/public/assets/css/app.css ..................... ~0.0001s [] []
[2023-09-09T09:20:40.903013+00:00] console.INFO: [200] GET/ ..................... ~0.0018s [] []
[2023-09-09T09:20:43.570914+00:00] console.INFO: [200] GET/ ..................... ~0.0030s [] []
[2023-09-09T09:20:43.595168+00:00] console.INFO: [200] GET/public/assets/css/app.css ..................... ~0.0001s [] []
[2023-09-09T09:20:43.884247+00:00] console.INFO: [200] GET/ ..................... ~0.0016s [] []
[2023-09-09T09:20:44.154531+00:00] console.INFO: [200] GET/ ..................... ~0.0017s [] []
[2023-09-09T09:20:44.423231+00:00] console.INFO: [200] GET/ ..................... ~0.0020s [] []
[2023-09-09T09:20:44.451645+00:00] console.INFO: [200] GET/public/assets/css/app.css ..................... ~0.0001s [] []
[2023-09-09T09:20:46.128101+00:00] console.INFO: [200] GET/ ..................... ~0.0025s [] []
[2023-09-09T09:20:46.153498+00:00] console.INFO: [200] GET/public/assets/css/app.css ..................... ~0.0002s [] []
[2023-09-09T09:20:46.864065+00:00] console.INFO: [200] GET/ ..................... ~0.0015s [] []
[2023-09-09T09:20:53.953271+00:00] console.INFO: [200] GET/ ..................... ~0.0019s [] []
[2023-09-09T09:20:53.975366+00:00] console.INFO: [200] GET/public/assets/css/app.css ..................... ~8.5115s [] []
[2023-09-09T09:20:54.201933+00:00] console.INFO: [200] GET/ ..................... ~0.0017s [] []
[2023-09-09T09:20:54.224471+00:00] console.INFO: [200] GET/public/assets/css/app.css ..................... ~0.0001s [] []
[2023-09-09T09:20:54.423082+00:00] console.INFO: [200] GET/ ..................... ~0.0015s [] []
[2023-09-09T09:20:54.683292+00:00] console.INFO: [200] GET/ ..................... ~0.0015s [] []
[2023-09-09T09:20:54.707431+00:00] console.INFO: [200] GET/public/assets/css/app.css ..................... ~0.0001s [] []
[2023-09-09T09:20:54.932582+00:00] console.INFO: [200] GET/ ..................... ~0.0017s [] []
[2023-09-09T09:20:55.190475+00:00] console.INFO: [200] GET/ ..................... ~0.0021s [] []
[2023-09-09T09:20:55.212784+00:00] console.INFO: [200] GET/public/assets/css/app.css ..................... ~7.8916s [] []
[2023-09-09T09:23:31.794632+00:00] console.INFO: [200] GET/ ..................... ~0.0046s [] []
[2023-09-09T09:23:33.867694+00:00] console.INFO: [200] GET/public/assets/css/app.css ..................... ~0.0001s [] []
[2023-09-09T09:23:34.196885+00:00] console.INFO: [200] GET/ ..................... ~0.0030s [] []
[2023-09-09T09:23:34.222267+00:00] console.INFO: [200] GET/public/assets/css/app.css ..................... ~0.0001s [] []
[2023-09-09T09:23:34.437359+00:00] console.INFO: [200] GET/ ..................... ~0.0018s [] []
[2023-09-09T09:23:34.470232+00:00] console.INFO: [200] GET/public/assets/css/app.css ..................... ~0.0001s [] []
[2023-09-09T09:23:48.843079+00:00] console.INFO: [200] GET/ ..................... ~0.0026s [] []
[2023-09-09T09:23:48.867416+00:00] console.INFO: [200] GET/public/assets/css/app.css ..................... ~0.0002s [] []
[2023-09-09T09:23:49.224993+00:00] console.INFO: [200] GET/ ..................... ~0.0016s [] []
[2023-09-09T09:23:49.251970+00:00] console.INFO: [200] GET/public/assets/css/app.css ..................... ~0.0001s [] []
[2023-09-09T09:23:49.709012+00:00] console.INFO: [200] GET/ ..................... ~0.0016s [] []
[2023-09-09T09:23:49.733799+00:00] console.INFO: [200] GET/public/assets/css/app.css ..................... ~0.0002s [] []
[2023-09-09T09:23:50.677634+00:00] console.INFO: [302] POST/ ..................... ~0.0021s [] []
[2023-09-09T09:23:50.683943+00:00] console.INFO: [200] GET/ ..................... ~0.0015s [] []
[2023-09-09T09:23:50.711522+00:00] console.INFO: [200] GET/public/assets/css/app.css ..................... ~0.0002s [] []
[2023-09-09T09:23:52.882918+00:00] console.INFO: [200] GET/ ..................... ~0.0026s [] []
[2023-09-09T09:23:52.907153+00:00] console.INFO: [200] GET/public/assets/css/app.css ..................... ~0.0001s [] []
[2023-09-09T09:24:09.610888+00:00] console.INFO: [200] GET/ ..................... ~0.0034s [] []
[2023-09-09T09:24:10.093897+00:00] console.INFO: [200] GET/ ..................... ~0.0017s [] []
[2023-09-09T09:24:10.488140+00:00] console.INFO: [200] GET/ ..................... ~0.0016s [] []
[2023-09-09T09:24:10.514191+00:00] console.INFO: [200] GET/public/assets/css/app.css ..................... ~5.1975s [] []
[2023-09-09T09:24:11.953219+00:00] console.INFO: [200] GET/ ..................... ~0.0016s [] []
[2023-09-09T09:24:11.977305+00:00] console.INFO: [200] GET/public/assets/css/app.css ..................... ~0.0002s [] []
[2023-09-09T09:24:12.277533+00:00] console.INFO: [200] GET/ ..................... ~0.0024s [] []
[2023-09-09T09:24:12.300657+00:00] console.INFO: [200] GET/public/assets/css/app.css ..................... ~0.0002s [] []
[2023-09-09T09:24:13.615311+00:00] console.INFO: [302] POST/ ..................... ~0.0020s [] []
[2023-09-09T09:24:13.621389+00:00] console.INFO: [200] GET/ ..................... ~0.0015s [] []
[2023-09-09T09:24:14.289392+00:00] console.INFO: [200] GET/ ..................... ~0.0015s [] []
[2023-09-09T09:24:14.315345+00:00] console.INFO: [200] GET/public/assets/css/app.css ..................... ~0.0002s [] []
[2023-09-09T09:24:14.786143+00:00] console.INFO: [200] GET/ ..................... ~0.0016s [] []
[2023-09-09T09:24:14.812616+00:00] console.INFO: [200] GET/ ..................... ~1.5020s [] []
[2023-09-09T09:24:20.365996+00:00] console.INFO: [200] GET/ ..................... ~0.0026s [] []
[2023-09-09T09:24:20.390347+00:00] console.INFO: [200] GET/public/assets/css/app.css ..................... ~0.0001s [] []
[2023-09-09T09:24:20.859878+00:00] console.INFO: [200] GET/ ..................... ~0.0017s [] []
[2023-09-09T09:24:22.145599+00:00] console.INFO: [200] GET/ ..................... ~0.0017s [] []
[2023-09-09T09:24:22.170273+00:00] console.INFO: [200] GET/public/assets/css/app.css ..................... ~0.0001s [] []
[2023-09-09T09:24:23.305754+00:00] console.INFO: [302] POST/ ..................... ~0.0028s [] []
[2023-09-09T09:24:23.312574+00:00] console.INFO: [200] GET/ ..................... ~0.0018s [] []
[2023-09-09T09:24:24.213544+00:00] console.INFO: [200] GET/ ..................... ~0.0016s [] []
[2023-09-09T09:24:24.239591+00:00] console.INFO: [200] GET/public/assets/css/app.css ..................... ~8.2969s [] []
[2023-09-09T09:24:25.103064+00:00] console.INFO: [200] GET/ ..................... ~0.0018s [] []
[2023-09-09T09:24:25.131252+00:00] console.INFO: [200] GET/ ..................... ~-2.145s [] []
[2023-09-09T09:24:50.126108+00:00] console.INFO: [200] GET/ ..................... ~0.0025s [] []
[2023-09-09T09:24:57.530479+00:00] console.INFO: [302] POST/ ..................... ~0.0025s [] []
[2023-09-09T09:24:57.538046+00:00] console.INFO: [200] GET/ ..................... ~0.0015s [] []
[2023-09-09T09:24:57.567865+00:00] console.INFO: [200] GET/public/assets/css/app.css ..................... ~0.0002s [] []
[2023-09-09T09:25:02.824415+00:00] console.INFO: [200] GET/ ..................... ~0.0028s [] []
[2023-09-09T09:26:16.029532+00:00] console.INFO: [200] GET/ ..................... ~0.0045s [] []
[2023-09-09T09:26:17.277051+00:00] console.INFO: [200] GET/ ..................... ~0.0015s [] []
[2023-09-09T09:26:17.304705+00:00] console.INFO: [200] GET/public/assets/css/app.css ..................... ~0.0002s [] []
[2023-09-09T09:26:17.970559+00:00] console.INFO: [200] GET/ ..................... ~0.0016s [] []
[2023-09-09T09:26:17.997799+00:00] console.INFO: [200] GET/public/assets/css/app.css ..................... ~0.0001s [] []
[2023-09-09T09:26:23.733903+00:00] console.INFO: [200] GET/ ..................... ~0.0033s [] []
[2023-09-09T09:26:24.046998+00:00] console.INFO: [200] GET/ ..................... ~0.0026s [] []
[2023-09-09T09:26:24.070272+00:00] console.INFO: [200] GET/public/assets/css/app.css ..................... ~0.0002s [] []
[2023-09-09T09:26:24.327751+00:00] console.INFO: [200] GET/ ..................... ~0.0019s [] []
[2023-09-09T09:27:42.695359+00:00] console.INFO: [200] GET/ ..................... ~0.0033s [] []
[2023-09-09T09:27:42.738103+00:00] console.INFO: [200] GET/public/assets/css/app.css ..................... ~0.0008s [] []
[2023-09-09T09:27:43.493636+00:00] console.INFO: [200] GET/ ..................... ~0.0025s [] []
[2023-09-09T09:27:43.519976+00:00] console.INFO: [200] GET/public/assets/css/app.css ..................... ~0.0001s [] []
[2023-09-09T09:27:54.024278+00:00] console.INFO: [200] GET/ ..................... ~0.0031s [] []
[2023-09-09T09:27:54.048817+00:00] console.INFO: [200] GET/public/assets/css/app.css ..................... ~9.2983s [] []
[2023-09-09T09:27:57.118771+00:00] console.INFO: [200] GET/ ..................... ~0.0032s [] []
[2023-09-09T09:28:01.403919+00:00] console.INFO: [200] GET/ ..................... ~0.0030s [] []
[2023-09-09T09:28:11.292824+00:00] console.INFO: [200] GET/ ..................... ~0.0033s [] []
[2023-09-09T09:28:11.337032+00:00] console.INFO: [200] GET/public/assets/css/app.css ..................... ~0.0001s [] []
[2023-09-09T09:28:11.761654+00:00] console.INFO: [200] GET/ ..................... ~0.0015s [] []
[2023-09-09T09:28:11.787425+00:00] console.INFO: [200] GET/public/assets/css/app.css ..................... ~0.0001s [] []
[2023-09-09T09:28:22.532521+00:00] console.INFO: [200] GET/ ..................... ~0.0046s [] []
[2023-09-09T09:28:22.990660+00:00] console.INFO: [200] GET/ ..................... ~0.0015s [] []
[2023-09-09T09:28:40.654196+00:00] console.INFO: [200] GET/ ..................... ~0.0032s [] []
[2023-09-09T09:28:49.089308+00:00] console.INFO: [200] GET/ ..................... ~0.0033s [] []
[2023-09-09T09:28:49.112713+00:00] console.INFO: [200] GET/public/assets/css/app.css ..................... ~0.0001s [] []
[2023-09-09T09:28:49.539708+00:00] console.INFO: [200] GET/ ..................... ~0.0017s [] []
[2023-09-09T09:28:49.565736+00:00] console.INFO: [200] GET/public/assets/css/app.css ..................... ~0.0001s [] []
[2023-09-09T09:31:22.927283+00:00] console.INFO: [200] GET/ ..................... ~0.0047s [] []
[2023-09-09T09:31:28.650220+00:00] console.INFO: [200] GET/ ..................... ~0.0034s [] []
[2023-09-09T09:31:28.675377+00:00] console.INFO: [200] GET/public/assets/css/app.css ..................... ~0.0001s [] []
[2023-09-09T09:31:43.845730+00:00] console.INFO: [200] GET/ ..................... ~0.0032s [] []
[2023-09-09T09:31:47.255803+00:00] console.INFO: [200] GET/ ..................... ~0.0034s [] []
[2023-09-09T09:31:52.758048+00:00] console.INFO: [200] GET/ ..................... ~0.0029s [] []
[2023-09-09T09:31:52.785454+00:00] console.INFO: [200] GET/public/assets/css/app.css ..................... ~0.0002s [] []
[2023-09-09T09:32:00.574692+00:00] console.INFO: [200] GET/ ..................... ~0.0027s [] []
[2023-09-09T09:32:05.805144+00:00] console.INFO: [200] GET/ ..................... ~0.0026s [] []
[2023-09-09T09:32:11.220492+00:00] console.INFO: [200] GET/ ..................... ~0.0023s [] []
[2023-09-09T09:32:11.254289+00:00] console.INFO: [200] GET/public/assets/css/app.css ..................... ~0.0001s [] []
[2023-09-09T09:32:11.257536+00:00] console.INFO: [200] GET/public/assets/js/app.js ..................... ~0.0006s [] []
[2023-09-09T09:32:14.638657+00:00] console.INFO: [200] GET/ ..................... ~0.0024s [] []
[2023-09-09T09:32:14.663091+00:00] console.INFO: [200] GET/public/assets/css/app.css ..................... ~0.0001s [] []
[2023-09-09T09:32:18.094972+00:00] console.INFO: [200] GET/ ..................... ~0.0027s [] []
[2023-09-09T09:32:18.120370+00:00] console.INFO: [200] GET/public/assets/css/app.css ..................... ~0.0002s [] []
[2023-09-09T09:33:49.982875+00:00] console.INFO: [200] GET/ ..................... ~0.0047s [] []
[2023-09-09T09:33:50.773728+00:00] console.INFO: [200] GET/ ..................... ~0.0017s [] []
[2023-09-09T09:33:50.801542+00:00] console.INFO: [200] GET/public/assets/js/app.js ..................... ~0.0001s [] []
[2023-09-09T09:33:51.033107+00:00] console.INFO: [200] GET/ ..................... ~0.0016s [] []
[2023-09-09T09:33:51.718642+00:00] console.INFO: [302] POST/ ..................... ~0.0019s [] []
[2023-09-09T09:33:51.757780+00:00] console.INFO: [200] GET/ ..................... ~0.0348s [] []
[2023-09-09T09:34:03.137508+00:00] console.INFO: [200] GET/ ..................... ~0.0034s [] []
[2023-09-09T09:34:04.487507+00:00] console.INFO: [302] POST/ ..................... ~0.0017s [] []
[2023-09-09T09:34:04.500717+00:00] console.INFO: [200] GET/ ..................... ~0.0022s [] []
[2023-09-09T09:34:04.526069+00:00] console.INFO: [200] GET/public/assets/css/app.css ..................... ~0.0001s [] []
[2023-09-09T09:34:04.528151+00:00] console.INFO: [200] GET/public/assets/js/app.js ..................... ~9.5129s [] []
[2023-09-09T09:34:08.551711+00:00] console.INFO: [200] GET/ ..................... ~0.0027s [] []
[2023-09-09T09:34:08.579842+00:00] console.INFO: [200] GET/public/assets/css/app.css ..................... ~0.0001s [] []
[2023-09-09T09:34:10.228460+00:00] console.INFO: [302] POST/ ..................... ~0.0212s [] []
[2023-09-09T09:34:10.230422+00:00] console.INFO: [200] GET/ ..................... ~0.0011s [] []
[2023-09-09T09:34:10.261526+00:00] console.INFO: [200] GET/public/assets/js/app.js ..................... ~0.0003s [] []
[2023-09-09T09:34:10.550711+00:00] console.INFO: [200] GET/ ..................... ~0.0015s [] []
[2023-09-09T09:34:10.574237+00:00] console.INFO: [200] GET/public/assets/css/app.css ..................... ~9.8943s [] []
[2023-09-09T09:34:11.170486+00:00] console.INFO: [200] GET/ ..................... ~0.0024s [] []
[2023-09-09T09:34:11.193923+00:00] console.INFO: [200] GET/public/assets/css/app.css ..................... ~0.0001s [] []
[2023-09-09T09:34:11.527929+00:00] console.INFO: [200] GET/ ..................... ~0.0015s [] []
[2023-09-09T09:34:11.552451+00:00] console.INFO: [200] GET/public/assets/css/app.css ..................... ~0.0002s [] []
[2023-09-09T09:34:11.797937+00:00] console.INFO: [200] GET/ ..................... ~0.0015s [] []
[2023-09-09T09:34:11.823037+00:00] console.INFO: [200] GET/public/assets/js/app.js ..................... ~0.0001s [] []
[2023-09-09T09:34:12.540871+00:00] console.INFO: [200] GET/ ..................... ~0.0016s [] []
[2023-09-09T09:34:12.568302+00:00] console.INFO: [200] GET/public/assets/css/app.css ..................... ~8.3923s [] []
[2023-09-09T09:34:13.090491+00:00] console.INFO: [302] POST/ ..................... ~0.0019s [] []
[2023-09-09T09:34:13.097091+00:00] console.INFO: [200] GET/ ..................... ~0.0017s [] []
[2023-09-09T09:34:13.123531+00:00] console.INFO: [200] GET/ ..................... ~1.5020s [] []
[2023-09-09T09:36:11.154843+00:00] console.INFO: [200] GET/ ..................... ~0.0035s [] []
[2023-09-09T09:36:44.855603+00:00] console.INFO: [200] GET/ ..................... ~0.0027s [] []
[2023-09-09T09:36:51.989140+00:00] console.INFO: [302] POST/ ..................... ~0.0031s [] []
[2023-09-09T09:36:51.994973+00:00] console.INFO: [200] GET/ ..................... ~0.0015s [] []
[2023-09-09T09:37:43.145137+00:00] console.INFO: [200] GET/ ..................... ~0.0030s [] []
[2023-09-09T09:37:44.950294+00:00] console.INFO: [200] GET/ ..................... ~0.0015s [] []
[2023-09-09T09:37:44.972944+00:00] console.INFO: [200] GET/public/assets/css/app.css ..................... ~0.0001s [] []
[2023-09-09T09:37:45.819925+00:00] console.INFO: [302] POST/ ..................... ~0.0020s [] []
[2023-09-09T09:37:45.827313+00:00] console.INFO: [200] GET/ ..................... ~0.0016s [] []
[2023-09-09T09:40:02.551325+00:00] console.INFO: [200] GET/ ..................... ~0.0049s [] []
[2023-09-09T09:40:11.365167+00:00] console.INFO: [200] GET/ ..................... ~0.0028s [] []
[2023-09-09T09:41:14.862770+00:00] console.INFO: [200] GET/ ..................... ~0.0037s [] []
[2023-09-09T09:41:14.894527+00:00] console.INFO: [200] GET/public/assets/css/app.css ..................... ~0.0001s [] []
[2023-09-09T09:41:14.897123+00:00] console.INFO: [200] GET/public/assets/js/app.js ..................... ~0.0002s [] []
[2023-09-09T09:41:20.184741+00:00] console.INFO: [200] GET/ ..................... ~0.0031s [] []
[2023-09-09T09:45:32.727031+00:00] console.INFO: [200] GET/ ..................... ~0.0051s [] []
[2023-09-09T09:45:32.755278+00:00] console.INFO: [200] GET/public/assets/css/app.css ..................... ~0.0002s [] []
[2023-09-09T09:45:32.758901+00:00] console.INFO: [200] GET/public/assets/js/app.js ..................... ~0.0010s [] []
[2023-09-09T09:45:36.758831+00:00] console.INFO: [200] GET/ ..................... ~0.0016s [] []
[2023-09-09T09:45:36.785737+00:00] console.INFO: [200] GET/public/assets/js/app.js ..................... ~0.0009s [] []
[2023-09-09T09:45:40.604594+00:00] console.INFO: [302] POST/ ..................... ~0.0027s [] []
[2023-09-09T09:45:40.611131+00:00] console.INFO: [200] GET/ ..................... ~0.0015s [] []
[2023-09-09T09:45:40.639625+00:00] console.INFO: [200] GET/public/assets/css/app.css ..................... ~0.0001s [] []
[2023-09-09T09:45:40.646423+00:00] console.INFO: [200] GET/public/assets/js/app.js ..................... ~0.0002s [] []
[2023-09-09T10:00:18.982333+00:00] console.INFO: [200] GET/ ..................... ~0.1488s [] []
[2023-09-09T10:00:19.053731+00:00] console.INFO: [200] GET/public/assets/js/app.js ..................... ~0.0002s [] []
[2023-09-09T10:00:19.610155+00:00] console.INFO: [200] GET/ ..................... ~0.0019s [] []
[2023-09-09T10:00:19.637245+00:00] console.INFO: [200] GET/public/assets/css/app.css ..................... ~0.0002s [] []
[2023-09-09T10:01:27.479818+00:00] console.INFO: [200] GET/ ..................... ~0.0076s [] []
[2023-09-09T10:01:28.044137+00:00] console.INFO: [200] GET/ ..................... ~0.0018s [] []
[2023-09-09T10:01:28.070117+00:00] console.INFO: [200] GET/public/assets/css/app.css ..................... ~0.0001s [] []
[2023-09-09T10:01:35.743620+00:00] console.INFO: [200] GET/public/assets/css/app.css ..................... ~6.6995s [] []
[2023-09-09T10:05:42.574648+00:00] console.INFO: [200] GET/ ..................... ~0.4352s [] []
[2023-09-09T10:06:11.298667+00:00] console.INFO: [200] GET/ ..................... ~0.0078s [] []
[2023-09-09T10:06:12.584011+00:00] console.INFO: [200] GET/ ..................... ~0.0018s [] []
[2023-09-09T10:07:39.381077+00:00] console.INFO: [200] GET/ ..................... ~0.0037s [] []
[2023-09-09T10:07:40.017724+00:00] console.INFO: [200] GET/ ..................... ~0.0018s [] []
[2023-09-09T10:07:40.334597+00:00] console.INFO: [200] GET/ ..................... ~0.0015s [] []
[2023-09-09T10:07:41.706036+00:00] console.INFO: [200] GET/ ..................... ~0.0015s [] []
[2023-09-09T10:07:41.734089+00:00] console.INFO: [200] GET/public/assets/css/app.css ..................... ~0.0002s [] []
[2023-09-09T10:07:42.203361+00:00] console.INFO: [200] GET/ ..................... ~0.0027s [] []
[2023-09-09T10:07:42.229004+00:00] console.INFO: [200] GET/public/assets/css/app.css ..................... ~0.0002s [] []
[2023-09-09T10:08:05.391077+00:00] console.INFO: [200] GET/ ..................... ~0.0039s [] []
[2023-09-09T10:08:05.692886+00:00] console.INFO: [200] GET/ ..................... ~0.0017s [] []
[2023-09-09T10:08:05.715973+00:00] console.INFO: [200] GET/public/assets/css/app.css ..................... ~0.0001s [] []
[2023-09-09T10:08:05.963425+00:00] console.INFO: [200] GET/ ..................... ~0.0018s [] []
[2023-09-09T10:08:05.996415+00:00] console.INFO: [200] GET/public/assets/css/app.css ..................... ~0.0001s [] []
[2023-09-09T10:08:06.000894+00:00] console.INFO: [200] GET/public/assets/js/app.js ..................... ~0.0015s [] []
[2023-09-09T10:08:06.265908+00:00] console.INFO: [200] GET/ ..................... ~0.0020s [] []
[2023-09-09T10:08:06.588323+00:00] console.INFO: [200] GET/ ..................... ~0.0017s [] []
[2023-09-09T10:08:06.615868+00:00] console.INFO: [200] GET/public/assets/css/app.css ..................... ~0.0001s [] []
[2023-09-09T10:08:06.879821+00:00] console.INFO: [200] GET/ ..................... ~0.0015s [] []
[2023-09-09T10:08:06.909386+00:00] console.INFO: [200] GET/public/assets/js/app.js ..................... ~0.0001s [] []
[2023-09-09T10:08:06.910688+00:00] console.INFO: [200] GET/public/assets/js/app.js ..................... ~0.0014s [] []
[2023-09-09T10:08:07.086266+00:00] console.INFO: [200] GET/ ..................... ~0.0016s [] []
[2023-09-09T10:08:07.289845+00:00] console.INFO: [200] GET/ ..................... ~0.0015s [] []
[2023-09-09T10:08:07.314692+00:00] console.INFO: [200] GET/public/assets/css/app.css ..................... ~5.0067s [] []
[2023-09-09T10:08:07.560431+00:00] console.INFO: [200] GET/ ..................... ~0.0033s [] []
[2023-09-09T10:08:07.604366+00:00] console.INFO: [200] GET/public/assets/js/app.js ..................... ~0.0001s [] []
[2023-09-09T10:08:07.906535+00:00] console.INFO: [200] GET/public/assets/js/app.js ..................... ~7.3194s [] []
[2023-09-09T10:08:08.212354+00:00] console.INFO: [200] GET/ ..................... ~0.0026s [] []
[2023-09-09T10:08:08.527370+00:00] console.INFO: [200] GET/ ..................... ~0.0016s [] []
[2023-09-09T10:08:08.553358+00:00] console.INFO: [200] GET/public/assets/css/app.css ..................... ~0.0001s [] []
[2023-09-09T10:08:09.090720+00:00] console.INFO: [200] GET/ ..................... ~0.0015s [] []
[2023-09-09T10:08:09.129361+00:00] console.INFO: [200] GET/public/assets/css/app.css ..................... ~0.0001s [] []
[2023-09-09T10:08:09.268980+00:00] console.INFO: [200] GET/ ..................... ~0.0015s [] []
[2023-09-09T10:08:09.292515+00:00] console.INFO: [200] GET/ ..................... ~1.2874s [] []
[2023-09-09T10:08:09.775943+00:00] console.INFO: [200] GET/ ..................... ~0.0015s [] []
[2023-09-09T10:08:10.079762+00:00] console.INFO: [200] GET/ ..................... ~0.0015s [] []
[2023-09-09T10:08:10.105045+00:00] console.INFO: [200] GET/public/assets/js/app.js ..................... ~0.0003s [] []
[2023-09-09T10:08:10.375879+00:00] console.INFO: [200] GET/ ..................... ~0.0016s [] []
[2023-09-09T10:08:10.678524+00:00] console.INFO: [200] GET/ ..................... ~0.0016s [] []
[2023-09-09T10:08:10.704732+00:00] console.INFO: [200] GET/public/assets/js/app.js ..................... ~0.0001s [] []
[2023-09-09T10:08:11.049202+00:00] console.INFO: [200] GET/ ..................... ~0.0024s [] []
[2023-09-09T10:08:11.078576+00:00] console.INFO: [200] GET/public/assets/js/app.js ..................... ~0.0008s [] []
[2023-09-09T10:08:11.283724+00:00] console.INFO: [200] GET/ ..................... ~0.0016s [] []
[2023-09-09T10:08:11.462464+00:00] console.INFO: [200] GET/ ..................... ~0.0017s [] []
[2023-09-09T10:08:11.487398+00:00] console.INFO: [200] GET/public/assets/css/app.css ..................... ~9.9897s [] []
[2023-09-09T10:08:43.339560+00:00] console.INFO: [200] GET/ ..................... ~0.0041s [] []
[2023-09-09T10:19:09.715480+00:00] console.INFO: [200] GET/ ..................... ~0.1068s [] []
[2023-09-09T10:19:10.193558+00:00] console.INFO: [200] GET/ ..................... ~0.0017s [] []
[2023-09-09T10:19:10.219689+00:00] console.INFO: [200] GET/public/assets/css/app.css ..................... ~0.0001s [] []
[2023-09-09T10:19:10.543109+00:00] console.INFO: [200] GET/ ..................... ~0.0018s [] []
[2023-09-09T10:19:10.567753+00:00] console.INFO: [200] GET/public/assets/css/app.css ..................... ~0.0002s [] []
[2023-09-09T10:19:10.835659+00:00] console.INFO: [200] GET/ ..................... ~0.0017s [] []
[2023-09-09T10:19:10.859815+00:00] console.INFO: [200] GET/public/assets/js/app.js ..................... ~0.0001s [] []
[2023-09-09T10:19:11.093872+00:00] console.INFO: [200] GET/ ..................... ~0.0020s [] []
[2023-09-09T10:19:11.342718+00:00] console.INFO: [200] GET/ ..................... ~0.0016s [] []
[2023-09-09T10:19:11.746494+00:00] console.INFO: [200] GET/ ..................... ~0.0015s [] []
[2023-09-09T10:19:11.774027+00:00] console.INFO: [200] GET/public/assets/js/app.js ..................... ~0.0003s [] []
[2023-09-09T10:19:12.084076+00:00] console.INFO: [200] GET/ ..................... ~0.0024s [] []
[2023-09-09T10:19:12.297568+00:00] console.INFO: [200] GET/ ..................... ~0.0021s [] []
[2023-09-09T10:19:12.467507+00:00] console.INFO: [200] GET/ ..................... ~0.0015s [] []
[2023-09-09T10:19:12.656689+00:00] console.INFO: [200] GET/ ..................... ~0.0015s [] []
[2023-09-09T10:19:12.696216+00:00] console.INFO: [200] GET/public/assets/css/app.css ..................... ~6.7949s [] []
[2023-09-09T10:19:12.930924+00:00] console.INFO: [200] GET/ ..................... ~0.0016s [] []
[2023-09-09T10:19:13.153590+00:00] console.INFO: [200] GET/ ..................... ~0.0017s [] []
[2023-09-09T10:19:13.178248+00:00] console.INFO: [200] GET/public/assets/css/app.css ..................... ~0.0002s [] []
[2023-09-09T10:19:17.744516+00:00] console.INFO: [200] GET/ ..................... ~0.0319s [] []
[2023-09-09T10:19:17.905252+00:00] console.INFO: [200] GET/ ..................... ~0.0343s [] []
[2023-09-09T10:19:18.779518+00:00] console.INFO: [200] GET/ ..................... ~0.0356s [] []
[2023-09-09T10:19:19.842743+00:00] console.INFO: [200] GET/ ..................... ~0.0320s [] []
[2023-09-09T10:20:34.701424+00:00] console.INFO: [200] GET/ ..................... ~0.0369s [] []
[2023-09-09T10:20:35.488416+00:00] console.INFO: [200] GET/ ..................... ~0.0344s [] []
[2023-09-09T10:20:36.130309+00:00] console.INFO: [200] GET/ ..................... ~0.0325s [] []
[2023-09-09T10:20:36.610011+00:00] console.INFO: [200] GET/ ..................... ~0.0324s [] []
[2023-09-09T10:20:37.012645+00:00] console.INFO: [200] GET/ ..................... ~0.0329s [] []
[2023-09-09T10:20:37.301198+00:00] console.INFO: [200] GET/ ..................... ~0.0351s [] []
[2023-09-09T10:20:37.598319+00:00] console.INFO: [200] GET/ ..................... ~0.0357s [] []
[2023-09-09T10:20:37.903408+00:00] console.INFO: [200] GET/ ..................... ~0.0338s [] []
[2023-09-09T10:20:38.253195+00:00] console.INFO: [200] GET/ ..................... ~0.0335s [] []
[2023-09-09T10:21:49.945661+00:00] console.INFO: [200] GET/ ..................... ~0.0044s [] []
[2023-09-09T10:21:49.996878+00:00] console.INFO: [200] GET/public/assets/js/app.js ..................... ~0.0032s [] []
[2023-09-09T10:21:50.647837+00:00] console.INFO: [200] GET/ ..................... ~0.0018s [] []
[2023-09-09T10:21:50.906577+00:00] console.INFO: [200] GET/ ..................... ~0.0017s [] []
[2023-09-09T10:21:51.221021+00:00] console.INFO: [200] GET/ ..................... ~0.0018s [] []
[2023-09-09T10:21:51.259043+00:00] console.INFO: [200] GET/public/assets/css/app.css ..................... ~0.0001s [] []
[2023-09-09T10:21:51.431964+00:00] console.INFO: [200] GET/ ..................... ~0.0014s [] []
[2023-09-09T10:21:51.460710+00:00] console.INFO: [200] GET/public/assets/js/app.js ..................... ~0.0001s [] []
[2023-09-09T10:21:51.461549+00:00] console.INFO: [200] GET/public/assets/js/app.js ..................... ~0.0009s [] []
[2023-09-09T10:21:51.626088+00:00] console.INFO: [200] GET/ ..................... ~0.0015s [] []
[2023-09-09T10:21:51.653433+00:00] console.INFO: [200] GET/public/assets/js/app.js ..................... ~8.2969s [] []
[2023-09-09T10:21:51.793504+00:00] console.INFO: [200] GET/ ..................... ~0.0016s [] []
[2023-09-09T10:21:52.124978+00:00] console.INFO: [200] GET/ ..................... ~0.0023s [] []
[2023-09-09T10:21:52.315359+00:00] console.INFO: [200] GET/ ..................... ~0.0182s [] []
[2023-09-09T10:21:52.503708+00:00] console.INFO: [200] GET/ ..................... ~0.0253s [] []
[2023-09-09T10:21:52.652724+00:00] console.INFO: [200] GET/ ..................... ~0.0056s [] []
[2023-09-09T10:21:52.676251+00:00] console.INFO: [200] GET/public/assets/js/app.js ..................... ~0.0002s [] []
[2023-09-09T10:21:53.079916+00:00] console.INFO: [200] GET/ ..................... ~0.0016s [] []
[2023-09-09T10:21:53.112527+00:00] console.INFO: [200] GET/public/assets/js/app.js ..................... ~0.0003s [] []
[2023-09-09T10:21:53.357745+00:00] console.INFO: [200] GET/ ..................... ~0.0016s [] []
[2023-09-09T10:21:53.383442+00:00] console.INFO: [200] GET/public/assets/js/app.js ..................... ~0.0001s [] []
[2023-09-09T10:21:53.649765+00:00] console.INFO: [200] GET/ ..................... ~0.0015s [] []
[2023-09-09T10:21:53.937870+00:00] console.INFO: [200] GET/ ..................... ~0.0016s [] []
[2023-09-09T10:21:53.971804+00:00] console.INFO: [200] GET/public/assets/css/app.css ..................... ~9.7990s [] []
[2023-09-09T10:21:54.872178+00:00] console.INFO: [200] GET/ ..................... ~0.0015s [] []
[2023-09-09T10:21:54.906954+00:00] console.INFO: [200] GET/public/assets/js/app.js ..................... ~0.0002s [] []
[2023-09-09T10:21:55.314668+00:00] console.INFO: [200] GET/public/assets/js/app.js ..................... ~0.0007s [] []
[2023-09-09T10:21:55.547811+00:00] console.INFO: [200] GET/public/assets/css/app.css ..................... ~0.0003s [] []
[2023-09-09T10:21:55.718376+00:00] console.INFO: [200] GET/public/assets/css/app.css ..................... ~0.1708s [] []
[2023-09-09T10:21:55.797029+00:00] console.INFO: [200] GET/ ..................... ~0.0015s [] []
[2023-09-09T10:21:56.025369+00:00] console.INFO: [200] GET/ ..................... ~0.0016s [] []
[2023-09-09T10:21:56.049127+00:00] console.INFO: [200] GET/public/assets/css/app.css ..................... ~0.0003s [] []
[2023-09-09T10:21:56.260106+00:00] console.INFO: [200] GET/ ..................... ~0.0020s [] []
