[2023-09-09T07:26:48.076667+00:00] error.ERROR: Undefined global variable $_SESSION message: "Undefined global variable $_SESSION"     file: "/Users/bekir/Desktop/projects/framework/storage/cache/a6a628d76c1b7aca3496eeaaaa0f265cf57686b5.php:12 [] []
[2023-09-09T07:26:48.239829+00:00] error.ERROR: Undefined global variable $_SESSION (View: /Users/bekir/Desktop/projects/framework/public/view/home.blade.php)          storage/cache/a6a628d76c1b7aca3496eeaaaa0f265cf57686b5.php:12 [] []
[2023-09-09T07:26:48.758765+00:00] error.ERROR: Undefined global variable $_SESSION message: "Undefined global variable $_SESSION"     file: "/Users/bekir/Desktop/projects/framework/storage/cache/a6a628d76c1b7aca3496eeaaaa0f265cf57686b5.php:12 [] []
[2023-09-09T07:26:48.759517+00:00] error.ERROR: Undefined global variable $_SESSION (View: /Users/bekir/Desktop/projects/framework/public/view/home.blade.php)          storage/cache/a6a628d76c1b7aca3496eeaaaa0f265cf57686b5.php:12 [] []
[2023-09-09T07:27:57.118884+00:00] error.ERROR: Undefined global variable $_SESSION message: "Undefined global variable $_SESSION"     file: "/Users/bekir/Desktop/projects/framework/app/Controllers/Home.php:34 [] []
[2023-09-09T07:27:57.119742+00:00] error.ERROR: Undefined global variable $_SESSION          app/Controllers/Home.php:34 [] []
[2023-09-09T07:27:57.916235+00:00] error.ERROR: Undefined global variable $_SESSION message: "Undefined global variable $_SESSION"     file: "/Users/bekir/Desktop/projects/framework/app/Controllers/Home.php:34 [] []
[2023-09-09T07:27:57.916824+00:00] error.ERROR: Undefined global variable $_SESSION          app/Controllers/Home.php:34 [] []
[2023-09-09T07:30:23.676254+00:00] error.ERROR: Undefined global variable $_SESSION message: "Undefined global variable $_SESSION"     file: "/Users/bekir/Desktop/projects/framework/app/Controllers/Home.php:34 [] []
[2023-09-09T07:30:23.677395+00:00] error.ERROR: Undefined global variable $_SESSION          app/Controllers/Home.php:34 [] []
[2023-09-09T07:51:22.961417+00:00] error.ERROR: session_start(): Session cannot be started after headers have already been sent message: "session_start(): Session cannot be started after headers have already been sent"     file: "/Users/bekir/Desktop/projects/framework/vendor/aura/session/src/Phpfunc.php:33 [] []
[2023-09-09T08:01:27.732302+00:00] error.ERROR: session_start(): Session cannot be started after headers have already been sent message: "session_start(): Session cannot be started after headers have already been sent"     file: "/Users/bekir/Desktop/projects/framework/vendor/aura/session/src/Phpfunc.php:33 [] []
[2023-09-09T08:01:28.457226+00:00] error.ERROR: session_start(): Session cannot be started after headers have already been sent message: "session_start(): Session cannot be started after headers have already been sent"     file: "/Users/bekir/Desktop/projects/framework/vendor/aura/session/src/Phpfunc.php:33 [] []
[2023-09-09T08:01:31.222378+00:00] error.ERROR: session_start(): Session cannot be started after headers have already been sent message: "session_start(): Session cannot be started after headers have already been sent"     file: "/Users/bekir/Desktop/projects/framework/vendor/aura/session/src/Phpfunc.php:33 [] []
[2023-09-09T08:01:36.569212+00:00] error.ERROR: session_start(): Session cannot be started after headers have already been sent message: "session_start(): Session cannot be started after headers have already been sent"     file: "/Users/bekir/Desktop/projects/framework/vendor/aura/session/src/Phpfunc.php:33 [] []
[2023-09-09T08:01:44.546916+00:00] error.ERROR: session_start(): Session cannot be started after headers have already been sent message: "session_start(): Session cannot be started after headers have already been sent"     file: "/Users/bekir/Desktop/projects/framework/vendor/aura/session/src/Phpfunc.php:33 [] []
[2023-09-09T08:01:45.298118+00:00] error.ERROR: session_start(): Session cannot be started after headers have already been sent message: "session_start(): Session cannot be started after headers have already been sent"     file: "/Users/bekir/Desktop/projects/framework/vendor/aura/session/src/Phpfunc.php:33 [] []
[2023-09-09T08:02:05.477647+00:00] error.ERROR: session_start(): Session cannot be started after headers have already been sent message: "session_start(): Session cannot be started after headers have already been sent"     file: "/Users/bekir/Desktop/projects/framework/vendor/aura/session/src/Phpfunc.php:33 [] []
[2023-09-09T08:02:10.014423+00:00] error.ERROR: session_start(): Session cannot be started after headers have already been sent message: "session_start(): Session cannot be started after headers have already been sent"     file: "/Users/bekir/Desktop/projects/framework/vendor/aura/session/src/Phpfunc.php:33 [] []
[2023-09-09T08:02:13.389670+00:00] error.ERROR: session_start(): Session cannot be started after headers have already been sent message: "session_start(): Session cannot be started after headers have already been sent"     file: "/Users/bekir/Desktop/projects/framework/vendor/aura/session/src/Phpfunc.php:33 [] []
[2023-09-09T08:02:15.206492+00:00] error.ERROR: session_start(): Session cannot be started after headers have already been sent message: "session_start(): Session cannot be started after headers have already been sent"     file: "/Users/bekir/Desktop/projects/framework/vendor/aura/session/src/Phpfunc.php:33 [] []
[2023-09-09T08:02:15.725838+00:00] error.ERROR: session_start(): Session cannot be started after headers have already been sent message: "session_start(): Session cannot be started after headers have already been sent"     file: "/Users/bekir/Desktop/projects/framework/vendor/aura/session/src/Phpfunc.php:33 [] []
[2023-09-09T08:03:56.232279+00:00] error.ERROR: session_start(): Session cannot be started after headers have already been sent message: "session_start(): Session cannot be started after headers have already been sent"     file: "/Users/bekir/Desktop/projects/framework/vendor/aura/session/src/Phpfunc.php:33 [] []
[2023-09-09T08:06:23.670758+00:00] error.ERROR: session_start(): Session cannot be started after headers have already been sent message: "session_start(): Session cannot be started after headers have already been sent"     file: "/Users/bekir/Desktop/projects/framework/vendor/aura/session/src/Phpfunc.php:33 [] []
[2023-09-09T08:06:23.672077+00:00] error.ERROR: session_start(): Session cannot be started after headers have already been sent (View: /Users/bekir/Desktop/projects/framework/public/view/home.blade.php)          vendor/aura/session/src/Phpfunc.php:33 [] []
[2023-09-09T08:06:24.837705+00:00] error.ERROR: session_start(): Session cannot be started after headers have already been sent message: "session_start(): Session cannot be started after headers have already been sent"     file: "/Users/bekir/Desktop/projects/framework/vendor/aura/session/src/Phpfunc.php:33 [] []
[2023-09-09T08:06:24.852347+00:00] error.ERROR: session_start(): Session cannot be started after headers have already been sent (View: /Users/bekir/Desktop/projects/framework/public/view/home.blade.php)          vendor/aura/session/src/Phpfunc.php:33 [] []
[2023-09-09T08:06:25.388050+00:00] error.ERROR: session_start(): Session cannot be started after headers have already been sent message: "session_start(): Session cannot be started after headers have already been sent"     file: "/Users/bekir/Desktop/projects/framework/vendor/aura/session/src/Phpfunc.php:33 [] []
[2023-09-09T08:06:25.402988+00:00] error.ERROR: session_start(): Session cannot be started after headers have already been sent (View: /Users/bekir/Desktop/projects/framework/public/view/home.blade.php)          vendor/aura/session/src/Phpfunc.php:33 [] []
[2023-09-09T08:06:25.659340+00:00] error.ERROR: session_start(): Session cannot be started after headers have already been sent message: "session_start(): Session cannot be started after headers have already been sent"     file: "/Users/bekir/Desktop/projects/framework/vendor/aura/session/src/Phpfunc.php:33 [] []
[2023-09-09T08:06:25.660149+00:00] error.ERROR: session_start(): Session cannot be started after headers have already been sent (View: /Users/bekir/Desktop/projects/framework/public/view/home.blade.php)          vendor/aura/session/src/Phpfunc.php:33 [] []
[2023-09-09T08:06:26.121034+00:00] error.ERROR: session_start(): Session cannot be started after headers have already been sent message: "session_start(): Session cannot be started after headers have already been sent"     file: "/Users/bekir/Desktop/projects/framework/vendor/aura/session/src/Phpfunc.php:33 [] []
[2023-09-09T08:06:26.122027+00:00] error.ERROR: session_start(): Session cannot be started after headers have already been sent (View: /Users/bekir/Desktop/projects/framework/public/view/home.blade.php)          vendor/aura/session/src/Phpfunc.php:33 [] []
[2023-09-09T08:06:33.892417+00:00] error.ERROR: session_start(): Session cannot be started after headers have already been sent message: "session_start(): Session cannot be started after headers have already been sent"     file: "/Users/bekir/Desktop/projects/framework/vendor/aura/session/src/Phpfunc.php:33 [] []
[2023-09-09T08:06:33.894046+00:00] error.ERROR: session_start(): Session cannot be started after headers have already been sent (View: /Users/bekir/Desktop/projects/framework/public/view/home.blade.php)          vendor/aura/session/src/Phpfunc.php:33 [] []
[2023-09-09T08:06:53.997280+00:00] error.ERROR: session_start(): Session cannot be started after headers have already been sent message: "session_start(): Session cannot be started after headers have already been sent"     file: "/Users/bekir/Desktop/projects/framework/vendor/aura/session/src/Phpfunc.php:33 [] []
[2023-09-09T08:06:53.998268+00:00] error.ERROR: session_start(): Session cannot be started after headers have already been sent (View: /Users/bekir/Desktop/projects/framework/public/view/home.blade.php)          vendor/aura/session/src/Phpfunc.php:33 [] []
[2023-09-09T08:06:55.463432+00:00] error.ERROR: session_start(): Session cannot be started after headers have already been sent message: "session_start(): Session cannot be started after headers have already been sent"     file: "/Users/bekir/Desktop/projects/framework/vendor/aura/session/src/Phpfunc.php:33 [] []
[2023-09-09T08:06:55.510523+00:00] error.ERROR: session_start(): Session cannot be started after headers have already been sent (View: /Users/bekir/Desktop/projects/framework/public/view/home.blade.php)          vendor/aura/session/src/Phpfunc.php:33 [] []
[2023-09-09T08:06:56.316724+00:00] error.ERROR: session_start(): Session cannot be started after headers have already been sent message: "session_start(): Session cannot be started after headers have already been sent"     file: "/Users/bekir/Desktop/projects/framework/vendor/aura/session/src/Phpfunc.php:33 [] []
[2023-09-09T08:06:56.318913+00:00] error.ERROR: session_start(): Session cannot be started after headers have already been sent (View: /Users/bekir/Desktop/projects/framework/public/view/home.blade.php)          vendor/aura/session/src/Phpfunc.php:33 [] []
[2023-09-09T08:07:07.034488+00:00] error.ERROR: session_start(): Session cannot be started after headers have already been sent message: "session_start(): Session cannot be started after headers have already been sent"     file: "/Users/bekir/Desktop/projects/framework/vendor/aura/session/src/Phpfunc.php:33 [] []
[2023-09-09T08:07:07.046571+00:00] error.ERROR: session_start(): Session cannot be started after headers have already been sent (View: /Users/bekir/Desktop/projects/framework/public/view/home.blade.php)          vendor/aura/session/src/Phpfunc.php:33 [] []
[2023-09-09T09:14:25.708100+00:00] error.ERROR: Implicit conversion from float 1694250865.4 to int loses precision message: "Implicit conversion from float 1694250865.4 to int loses precision"     file: "/Users/bekir/Desktop/projects/framework/src/Session.php:57 [] []
[2023-09-09T09:14:25.709187+00:00] error.ERROR: Implicit conversion from float 1694250865.4 to int loses precision          src/Session.php:57 [] []
[2023-09-09T09:14:34.326095+00:00] error.ERROR: Implicit conversion from float 1694250874.5 to int loses precision message: "Implicit conversion from float 1694250874.5 to int loses precision"     file: "/Users/bekir/Desktop/projects/framework/src/Session.php:57 [] []
[2023-09-09T09:14:34.327157+00:00] error.ERROR: Implicit conversion from float 1694250874.5 to int loses precision          src/Session.php:57 [] []
[2023-09-09T09:15:51.876981+00:00] error.ERROR: syntax error, unexpected token "return"          app/Controllers/Home.php:40 [] []
[2023-09-09T09:16:27.158503+00:00] error.ERROR: Cannot modify header information - headers already sent by (output started at /Users/bekir/Desktop/projects/framework/vendor/symfony/http-foundation/Response.php:1325) message: "Cannot modify header information - headers already sent by (output started at /Users/bekir/Desktop/projects/framework/vendor/symfony/http-foundation/Response.php:1325)"     file: "/Users/bekir/Desktop/projects/framework/src/Session.php:32 [] []
[2023-09-09T09:16:27.159726+00:00] error.ERROR: Cannot modify header information - headers already sent by (output started at /Users/bekir/Desktop/projects/framework/vendor/symfony/http-foundation/Response.php:1325)          src/Session.php:32 [] []
[2023-09-09T09:16:51.660924+00:00] error.ERROR: Cannot modify header information - headers already sent by (output started at /Users/bekir/Desktop/projects/framework/vendor/symfony/http-foundation/Response.php:1325) message: "Cannot modify header information - headers already sent by (output started at /Users/bekir/Desktop/projects/framework/vendor/symfony/http-foundation/Response.php:1325)"     file: "/Users/bekir/Desktop/projects/framework/src/Session.php:32 [] []
[2023-09-09T09:16:51.662009+00:00] error.ERROR: Cannot modify header information - headers already sent by (output started at /Users/bekir/Desktop/projects/framework/vendor/symfony/http-foundation/Response.php:1325)          src/Session.php:32 [] []
[2023-09-09T09:17:02.161798+00:00] error.ERROR: Cannot modify header information - headers already sent by (output started at /Users/bekir/Desktop/projects/framework/vendor/symfony/http-foundation/Response.php:1325) message: "Cannot modify header information - headers already sent by (output started at /Users/bekir/Desktop/projects/framework/vendor/symfony/http-foundation/Response.php:1325)"     file: "/Users/bekir/Desktop/projects/framework/src/Session.php:32 [] []
[2023-09-09T09:17:02.162942+00:00] error.ERROR: Cannot modify header information - headers already sent by (output started at /Users/bekir/Desktop/projects/framework/vendor/symfony/http-foundation/Response.php:1325)          src/Session.php:32 [] []
[2023-09-09T09:33:51.725451+00:00] error.ERROR: Cannot use object of type stdClass as array (View: /Users/bekir/Desktop/projects/framework/public/view/home.blade.php)          storage/cache/a6a628d76c1b7aca3496eeaaaa0f265cf57686b5.php:14 [] []
[2023-09-09T10:19:17.455020+00:00] error.ERROR: 9 arguments are required, 6 given (View: /Users/bekir/Desktop/projects/framework/public/view/home.blade.php)          src/UUid.php:35 [] []
[2023-09-09T10:19:17.714362+00:00] error.ERROR: 9 arguments are required, 6 given (View: /Users/bekir/Desktop/projects/framework/public/view/home.blade.php)          src/UUid.php:35 [] []
[2023-09-09T10:19:17.873034+00:00] error.ERROR: 9 arguments are required, 6 given (View: /Users/bekir/Desktop/projects/framework/public/view/home.blade.php)          src/UUid.php:35 [] []
[2023-09-09T10:19:18.746355+00:00] error.ERROR: 9 arguments are required, 6 given (View: /Users/bekir/Desktop/projects/framework/public/view/home.blade.php)          src/UUid.php:35 [] []
[2023-09-09T10:19:19.812756+00:00] error.ERROR: 9 arguments are required, 6 given (View: /Users/bekir/Desktop/projects/framework/public/view/home.blade.php)          src/UUid.php:35 [] []
[2023-09-09T10:20:34.667886+00:00] error.ERROR: 9 arguments are required, 6 given (View: /Users/bekir/Desktop/projects/framework/public/view/home.blade.php)          src/UUid.php:35 [] []
[2023-09-09T10:20:35.455806+00:00] error.ERROR: 9 arguments are required, 6 given (View: /Users/bekir/Desktop/projects/framework/public/view/home.blade.php)          src/UUid.php:35 [] []
[2023-09-09T10:20:36.099543+00:00] error.ERROR: 9 arguments are required, 6 given (View: /Users/bekir/Desktop/projects/framework/public/view/home.blade.php)          src/UUid.php:35 [] []
[2023-09-09T10:20:36.579366+00:00] error.ERROR: 9 arguments are required, 6 given (View: /Users/bekir/Desktop/projects/framework/public/view/home.blade.php)          src/UUid.php:35 [] []
[2023-09-09T10:20:36.981494+00:00] error.ERROR: 9 arguments are required, 6 given (View: /Users/bekir/Desktop/projects/framework/public/view/home.blade.php)          src/UUid.php:35 [] []
[2023-09-09T10:20:37.269723+00:00] error.ERROR: 9 arguments are required, 6 given (View: /Users/bekir/Desktop/projects/framework/public/view/home.blade.php)          src/UUid.php:35 [] []
[2023-09-09T10:20:37.564747+00:00] error.ERROR: 9 arguments are required, 6 given (View: /Users/bekir/Desktop/projects/framework/public/view/home.blade.php)          src/UUid.php:35 [] []
[2023-09-09T10:20:37.871689+00:00] error.ERROR: 9 arguments are required, 6 given (View: /Users/bekir/Desktop/projects/framework/public/view/home.blade.php)          src/UUid.php:35 [] []
[2023-09-09T10:20:38.221691+00:00] error.ERROR: 9 arguments are required, 6 given (View: /Users/bekir/Desktop/projects/framework/public/view/home.blade.php)          src/UUid.php:35 [] []
